<?xml version="1.0" encoding="UTF-8" standalone="yes"?>
<tests tema='TEST-chernyshov/TEST-Wpr-6'>
Задание 601.Л.Н. undefined
<assessmentItem number='601' >
 <responseDeclaration identifier='RESPONSE' cardinality='single'>
   <correctResponse>
      <value>ChoiceA</value>
   </correctResponse>
 </responseDeclaration>
 <itemBody>
   <choiceInteraction>
      <prompt>Функция PHP для установки связи с MySQL… </prompt>
      <simpleChoice identifier='ChoiceA'>mysql_connect</simpleChoice>
      <simpleChoice identifier='ChoiceB'>MysqlConnect</simpleChoice>
      <simpleChoice identifier='ChoiceC'>connect_mysql</simpleChoice>
      <simpleChoice identifier='ChoiceD'>mysql-connect</simpleChoice>
      <simpleChoice identifier='ChoiceE'>mysqlconnect</simpleChoice>
   </choiceInteraction>
 </itemBody>
</assessmentItem>
Задание 602.Л.Н. undefined
<assessmentItem number='602' >
 <responseDeclaration identifier='RESPONSE' cardinality='single'>
   <correctResponse>
      <value>ChoiceA</value>
   </correctResponse>
 </responseDeclaration>
 <itemBody>
   <choiceInteraction>
      <prompt>Функция PHP для выполнения оператора SQL в MySQL… </prompt>
      <simpleChoice identifier='ChoiceA'>mysql_query</simpleChoice>
      <simpleChoice identifier='ChoiceB'>mysql_exec</simpleChoice>
      <simpleChoice identifier='ChoiceC'>MysqlQuery</simpleChoice>
      <simpleChoice identifier='ChoiceD'>mysql-query</simpleChoice>
      <simpleChoice identifier='ChoiceE'>mysqlquery</simpleChoice>
   </choiceInteraction>
 </itemBody>
</assessmentItem>
Задание 603.Л.Н. undefined
<assessmentItem number='603' >
 <responseDeclaration identifier='RESPONSE' cardinality='single'>
   <correctResponse>
      <value>ChoiceA</value>
   </correctResponse>
 </responseDeclaration>
 <itemBody>
   <choiceInteraction>
      <prompt>Функция PHP для открытия БД в MySQL… </prompt>
      <simpleChoice identifier='ChoiceA'>mysql_select_db</simpleChoice>
      <simpleChoice identifier='ChoiceB'>mysql-select-db</simpleChoice>
      <simpleChoice identifier='ChoiceC'>MysqlSelectDB</simpleChoice>
      <simpleChoice identifier='ChoiceD'>mysql_db_select</simpleChoice>
      <simpleChoice identifier='ChoiceE'>mysqldb_select</simpleChoice>
   </choiceInteraction>
 </itemBody>
</assessmentItem>
Задание 604.Л.Н. undefined
<assessmentItem number='604' >
 <responseDeclaration identifier='RESPONSE' cardinality='single'>
   <correctResponse>
      <value>ChoiceA</value>
   </correctResponse>
 </responseDeclaration>
 <itemBody>
   <choiceInteraction>
      <prompt>Функция PHP для обработки результата оператора SELECT в MySQ… </prompt>
      <simpleChoice identifier='ChoiceA'>mysql_fetch_assoc</simpleChoice>
      <simpleChoice identifier='ChoiceB'>MysqlFetchAssoc</simpleChoice>
      <simpleChoice identifier='ChoiceC'>mysql_assoc_fetch</simpleChoice>
      <simpleChoice identifier='ChoiceD'>mysql-fetch-assoc</simpleChoice>
      <simpleChoice identifier='ChoiceE'>mysql-fetchassoc</simpleChoice>
   </choiceInteraction>
 </itemBody>
</assessmentItem>
Задание 605.Л.Н. undefined
<assessmentItem number='605' >
 <responseDeclaration identifier='RESPONSE' cardinality='single'>
   <correctResponse>
      <value>ChoiceA</value>
   </correctResponse>
 </responseDeclaration>
 <itemBody>
   <choiceInteraction>
      <prompt>Переменная в PHP для получения данных, переданных из формы… </prompt>
      <simpleChoice identifier='ChoiceA'>$_POST</simpleChoice>
      <simpleChoice identifier='ChoiceB'>$POST</simpleChoice>
      <simpleChoice identifier='ChoiceC'>&amp;_POST</simpleChoice>
      <simpleChoice identifier='ChoiceD'>POST</simpleChoice>
      <simpleChoice identifier='ChoiceE'>$_post</simpleChoice>
   </choiceInteraction>
 </itemBody>
</assessmentItem>
Задание 606.Л.Н. undefined
<assessmentItem number='606' >
 <responseDeclaration identifier='RESPONSE' cardinality='multiple'>
   <correctResponse>
      <value>ChoiceA</value>
      <value>ChoiceB</value>
      <value>ChoiceC</value>
      <value>ChoiceD</value>
   </correctResponse>
 </responseDeclaration>
 <itemBody>
   <choiceInteraction>
      <prompt>Конструкции включений в PHP: </prompt>
      <simpleChoice identifier='ChoiceA'>require</simpleChoice>
      <simpleChoice identifier='ChoiceB'>include</simpleChoice>
      <simpleChoice identifier='ChoiceC'> require_once</simpleChoice>
      <simpleChoice identifier='ChoiceD'> include_once</simpleChoice>
      <simpleChoice identifier='ChoiceE'>import</simpleChoice>
   </choiceInteraction>
 </itemBody>
</assessmentItem>
Задание 607.Л.Н. undefined
<assessmentItem number='607' >
 <responseDeclaration identifier='RESPONSE' cardinality='multiple'>
   <correctResponse>
      <value>ChoiceA</value>
      <value>ChoiceB</value>
      <value>ChoiceC</value>
      <value>ChoiceD</value>
   </correctResponse>
 </responseDeclaration>
 <itemBody>
   <choiceInteraction>
      <prompt>Скалярные типы данных в PHP: </prompt>
      <simpleChoice identifier='ChoiceA'>boolean</simpleChoice>
      <simpleChoice identifier='ChoiceB'>integer</simpleChoice>
      <simpleChoice identifier='ChoiceC'>float</simpleChoice>
      <simpleChoice identifier='ChoiceD'>string</simpleChoice>
      <simpleChoice identifier='ChoiceE'>decimal</simpleChoice>
   </choiceInteraction>
 </itemBody>
</assessmentItem>
Задание 608.Л.Н. undefined
<assessmentItem number='608' >
 <responseDeclaration identifier='RESPONSE' cardinality='single'>
   <correctResponse>
      <value>ChoiceA</value>
   </correctResponse>
 </responseDeclaration>
 <itemBody>
   <choiceInteraction>
      <prompt>Функция PHP для проверки существования переменной… </prompt>
      <simpleChoice identifier='ChoiceA'>empty</simpleChoice>
      <simpleChoice identifier='ChoiceB'>null</simpleChoice>
      <simpleChoice identifier='ChoiceC'>isempty</simpleChoice>
      <simpleChoice identifier='ChoiceD'>isnull</simpleChoice>
      <simpleChoice identifier='ChoiceE'>is_empty</simpleChoice>
   </choiceInteraction>
 </itemBody>
</assessmentItem>
Задание 609.Л.Н. undefined
<assessmentItem number='609' >
 <responseDeclaration identifier='RESPONSE' cardinality='multiple'>
   <correctResponse>
      <value>ChoiceA</value>
      <value>ChoiceB</value>
   </correctResponse>
 </responseDeclaration>
 <itemBody>
   <choiceInteraction>
      <prompt>Где пятый дистрактор? Наличие знаков препинания в конце дистрактора – это элемент оператора?  Да Корректные операторы создания массива в PHP: </prompt>
      <simpleChoice identifier='ChoiceA'>$ms = array('1' =_gt; _quot;Иванов_quot;, '2' =_gt; _quot;Петров_quot;);</simpleChoice>
      <simpleChoice identifier='ChoiceB'>$ms = array(_quot;1_quot; =_gt; 'Иванов', _quot;2_quot; =_gt; 'Петров');</simpleChoice>
      <simpleChoice identifier='ChoiceC'>$ms = array('1' = _quot;Иванов_quot;, '2' = _quot;Петров_quot;);</simpleChoice>
      <simpleChoice identifier='ChoiceD'>$ms = array('1' -_gt; _quot;Иванов_quot;, '2' -_gt; _quot;Петров_quot;);</simpleChoice>
      <simpleChoice identifier='ChoiceE'>$ms = array('1' _gt; _quot;Иванов_quot;, '2' _gt; _quot;Петров_quot;);</simpleChoice>
   </choiceInteraction>
 </itemBody>
</assessmentItem>
Задание 610.Л.Н. undefined
<assessmentItem number='610' >
 <responseDeclaration identifier='RESPONSE' cardinality='multiple'>
   <correctResponse>
      <value>ChoiceA</value>
      <value>ChoiceB</value>
   </correctResponse>
 </responseDeclaration>
 <itemBody>
   <choiceInteraction>
      <prompt>Корректный оператор присваивания значения переменной в PHP… </prompt>
      <simpleChoice identifier='ChoiceA'>$name = _quot;Виктор_quot;;</simpleChoice>
      <simpleChoice identifier='ChoiceB'>$n = $m = $p = 3;</simpleChoice>
      <simpleChoice identifier='ChoiceC'>$a = $100;</simpleChoice>
      <simpleChoice identifier='ChoiceD'>%number = 200;</simpleChoice>
      <simpleChoice identifier='ChoiceE'>%hello = 'HelloWorld';</simpleChoice>
   </choiceInteraction>
 </itemBody>
</assessmentItem>
Задание 611.Л.Н. undefined
<assessmentItem number='611' >
 <responseDeclaration identifier='RESPONSE' cardinality='single'>
   <correctResponse>
      <value>ChoiceA</value>
   </correctResponse>
 </responseDeclaration>
 <itemBody>
   <choiceInteraction>
      <prompt>Объявление константы в PHP… </prompt>
      <simpleChoice identifier='ChoiceA'>define(_quot;pi_quot;, 3.14, true);</simpleChoice>
      <simpleChoice identifier='ChoiceB'>const(_quot;pi_quot;, 3.14);</simpleChoice>
      <simpleChoice identifier='ChoiceC'>define(_quot;eval_quot;, 12);</simpleChoice>
      <simpleChoice identifier='ChoiceD'>define(_quot;pi_quot;, _quot;3.14_quot;);</simpleChoice>
      <simpleChoice identifier='ChoiceE'>const(_quot;eval_quot;, 12, false);</simpleChoice>
   </choiceInteraction>
 </itemBody>
</assessmentItem>
Задание 612.Л.Н. undefined
<assessmentItem number='612' >
 <responseDeclaration identifier='RESPONSE' cardinality='multiple'>
   <correctResponse>
      <value>ChoiceA</value>
      <value>ChoiceB</value>
      <value>ChoiceC</value>
   </correctResponse>
 </responseDeclaration>
 <itemBody>
   <choiceInteraction>
      <prompt>Типы данных в PHP: </prompt>
      <simpleChoice identifier='ChoiceA'>Object</simpleChoice>
      <simpleChoice identifier='ChoiceB'>Resource</simpleChoice>
      <simpleChoice identifier='ChoiceC'>NULL</simpleChoice>
      <simpleChoice identifier='ChoiceD'>Double</simpleChoice>
      <simpleChoice identifier='ChoiceE'>Decimal</simpleChoice>
      <simpleChoice identifier='ChoiceF'>Char</simpleChoice>
   </choiceInteraction>
 </itemBody>
</assessmentItem>
Задание 613.Л.Н. undefined
<assessmentItem number='613' >
 <responseDeclaration identifier='RESPONSE' cardinality='single'>
   <correctResponse>
      <value>ChoiceA</value>
   </correctResponse>
 </responseDeclaration>
 <itemBody>
   <choiceInteraction>
      <prompt>Результат выполнения оператора _lt;?php echo _quot;round(4.2)=_quot;,round(4.2),_quot;_lt;br_gt;_quot;;?_gt;… </prompt>
      <simpleChoice identifier='ChoiceA'>round(4.2) = 4</simpleChoice>
      <simpleChoice identifier='ChoiceB'>round(4.2) = 5</simpleChoice>
      <simpleChoice identifier='ChoiceC'>round(4.2) = 17.64</simpleChoice>
      <simpleChoice identifier='ChoiceD'>round(4.2) = round(4.2)</simpleChoice>
      <simpleChoice identifier='ChoiceE'>round(4.2) = 2</simpleChoice>
   </choiceInteraction>
 </itemBody>
</assessmentItem>
Задание 614.Л.Н. undefined
<assessmentItem number='614' >
 <responseDeclaration identifier='RESPONSE' cardinality='single'>
   <correctResponse>
      <value>ChoiceA</value>
   </correctResponse>
 </responseDeclaration>
 <itemBody>
   <choiceInteraction>
      <prompt>Результат выполнения оператора: echo strlen(_quot;Hello world_quot;);… </prompt>
      <simpleChoice identifier='ChoiceA'>11</simpleChoice>
      <simpleChoice identifier='ChoiceB'>d</simpleChoice>
      <simpleChoice identifier='ChoiceC'>world</simpleChoice>
      <simpleChoice identifier='ChoiceD'>10</simpleChoice>
      <simpleChoice identifier='ChoiceE'>Hello world</simpleChoice>
   </choiceInteraction>
 </itemBody>
</assessmentItem>
Задание 615.Л.Н. undefined
<assessmentItem number='615' >
 <responseDeclaration identifier='RESPONSE' cardinality='single'>
   <correctResponse>
      <value>ChoiceA</value>
   </correctResponse>
 </responseDeclaration>
 <itemBody>
   <choiceInteraction>
      <prompt>Функция для удаления элементов массива в PHP… </prompt>
      <simpleChoice identifier='ChoiceA'>unset($massiv[i]);</simpleChoice>
      <simpleChoice identifier='ChoiceB'>print_r($massiv);</simpleChoice>
      <simpleChoice identifier='ChoiceC'>sort($massiv);</simpleChoice>
      <simpleChoice identifier='ChoiceD'>reset($massiv);</simpleChoice>
      <simpleChoice identifier='ChoiceE'>extract($massiv);</simpleChoice>
   </choiceInteraction>
 </itemBody>
</assessmentItem>
Задание 616.Л.Н. undefined
<assessmentItem number='616' >
 <responseDeclaration identifier='RESPONSE' cardinality='single'>
   <correctResponse>
      <value>ChoiceA</value>
   </correctResponse>
 </responseDeclaration>
 <itemBody>
   <choiceInteraction>
      <prompt>Массивы в PHP могут содержать ключи типов… </prompt>
      <simpleChoice identifier='ChoiceA'>integer и string одновременно</simpleChoice>
      <simpleChoice identifier='ChoiceB'>только integer</simpleChoice>
      <simpleChoice identifier='ChoiceC'>только string</simpleChoice>
      <simpleChoice identifier='ChoiceD'>integer и float одновременно</simpleChoice>
      <simpleChoice identifier='ChoiceE'>только float</simpleChoice>
   </choiceInteraction>
 </itemBody>
</assessmentItem>
Задание 617.Л.Н. undefined
<assessmentItem number='617' >
 <responseDeclaration identifier='RESPONSE' cardinality='single'>
   <correctResponse>
      <value>ChoiceB</value>
   </correctResponse>
 </responseDeclaration>
 <itemBody>
   <choiceInteraction>
      <prompt>Назначение функции mysql_connect… </prompt>
      <simpleChoice identifier='ChoiceA'>Закрывает соединение с сервером MySQL</simpleChoice>
      <simpleChoice identifier='ChoiceB'>Открывает соединение с сервером MySQL</simpleChoice>
      <simpleChoice identifier='ChoiceC'>Создаёт базу данных MySQL</simpleChoice>
      <simpleChoice identifier='ChoiceD'>Перемещает внутренний указатель в результате запроса</simpleChoice>
      <simpleChoice identifier='ChoiceE'>Возвращает название базы данных</simpleChoice>
      <simpleChoice identifier='ChoiceF'>Переключается к указанной базе данных и посылает запрос</simpleChoice>
   </choiceInteraction>
 </itemBody>
</assessmentItem>
Задание 618.Л.Н. undefined
<assessmentItem number='618' >
 <responseDeclaration identifier='RESPONSE' cardinality='multiple'>
   <correctResponse>
      <value>ChoiceA</value>
      <value>ChoiceB</value>
      <value>ChoiceC</value>
      <value>ChoiceD</value>
   </correctResponse>
 </responseDeclaration>
 <itemBody>
   <choiceInteraction>
      <prompt>Обязательные параметры для подключения к базе данных MySQL: </prompt>
      <simpleChoice identifier='ChoiceA'>имя хоста</simpleChoice>
      <simpleChoice identifier='ChoiceB'>имя базы данных</simpleChoice>
      <simpleChoice identifier='ChoiceC'>заданное вами имя пользователя, либо определенное провайдером</simpleChoice>
      <simpleChoice identifier='ChoiceD'>пароль</simpleChoice>
      <simpleChoice identifier='ChoiceE'>название таблицы</simpleChoice>
      <simpleChoice identifier='ChoiceF'>названия столбцов</simpleChoice>
   </choiceInteraction>
 </itemBody>
</assessmentItem>
Задание 619.Л.Н. undefined
<assessmentItem number='619' >
 <responseDeclaration identifier='RESPONSE' cardinality='multiple'>
   <correctResponse>
      <value>ChoiceA</value>
      <value>ChoiceB</value>
      <value>ChoiceC</value>
   </correctResponse>
 </responseDeclaration>
 <itemBody>
   <choiceInteraction>
      <prompt>Правильные утверждения относительно отправки и получения переменных с помощью методов Get и Post: </prompt>
      <simpleChoice identifier='ChoiceA'>Передача переменных методами Get и Post отличается лишь в отправке данных.</simpleChoice>
      <simpleChoice identifier='ChoiceB'>Метод Get передает имя переменной и ее значение в самой ссылке.</simpleChoice>
      <simpleChoice identifier='ChoiceC'>Метод Post передает имя переменной и ее значение в специальном скрытом запросе.</simpleChoice>
      <simpleChoice identifier='ChoiceD'>Метод Post передает имя переменной и ее значение в самой ссылке.</simpleChoice>
      <simpleChoice identifier='ChoiceE'>Метод Get передает имя переменной и ее значение в специальном скрытом запросе.</simpleChoice>
   </choiceInteraction>
 </itemBody>
</assessmentItem>
Задание 620.Л.Н. undefined
<assessmentItem number='620' >
 <responseDeclaration identifier='RESPONSE' cardinality='single'>
   <correctResponse>
      <value>ChoiceA</value>
   </correctResponse>
 </responseDeclaration>
 <itemBody>
   <choiceInteraction>
      <prompt>Создатель языка PHP… </prompt>
      <simpleChoice identifier='ChoiceA'>Расмус Лердорф</simpleChoice>
      <simpleChoice identifier='ChoiceB'>Джеймс Гослинг</simpleChoice>
      <simpleChoice identifier='ChoiceC'>Хокон Виум Ли</simpleChoice>
      <simpleChoice identifier='ChoiceD'>Тим Бернерс-Ли</simpleChoice>
      <simpleChoice identifier='ChoiceE'>Бил Гейтс</simpleChoice>
   </choiceInteraction>
 </itemBody>
</assessmentItem>
Задание 621.Л.Н. undefined
<assessmentItem number='621' >
 <responseDeclaration identifier='RESPONSE' cardinality='single'>
   <correctResponse>
      <value>ChoiceB</value>
   </correctResponse>
 </responseDeclaration>
 <itemBody>
   <choiceInteraction>
      <prompt>Результат кода _lt;?php $x=10;$x+=--$x;echo $x;?_gt;… </prompt>
      <simpleChoice identifier='ChoiceA'>21</simpleChoice>
      <simpleChoice identifier='ChoiceB'>18</simpleChoice>
      <simpleChoice identifier='ChoiceC'>10</simpleChoice>
      <simpleChoice identifier='ChoiceD'>-10</simpleChoice>
      <simpleChoice identifier='ChoiceE'>Выдаст ошибку</simpleChoice>
   </choiceInteraction>
 </itemBody>
</assessmentItem>
Задание 622.Л.Н. undefined
<assessmentItem number='622' >
 <responseDeclaration identifier='RESPONSE' cardinality='single'>
   <correctResponse>
      <value>ChoiceC</value>
   </correctResponse>
 </responseDeclaration>
 <itemBody>
   <choiceInteraction>
      <prompt>Разница между равенством и эквивалентностью в PHP… </prompt>
      <simpleChoice identifier='ChoiceA'>Знак равенства проверяет значения операндов и их типы, а знак эквивалентности только их значения.</simpleChoice>
      <simpleChoice identifier='ChoiceB'>Знак эквивалентности работает лишь для строк, а знак равенства применим к любым типам.</simpleChoice>
      <simpleChoice identifier='ChoiceC'>Знак равенства проверяет лишь значения операндов, а знак эквивалентности значения и их типы.</simpleChoice>
      <simpleChoice identifier='ChoiceD'>Между равенством и эквивалентностью никакой разницы нет.</simpleChoice>
      <simpleChoice identifier='ChoiceE'>Знак равенства проверяет лишь типы операндов, а знак эквивалентности значения и их типы.</simpleChoice>
   </choiceInteraction>
 </itemBody>
</assessmentItem>
Задание 623.Л.Н. undefined
<assessmentItem number='623' >
 <responseDeclaration identifier='RESPONSE' cardinality='single'>
   <correctResponse>
      <value>ChoiceA</value>
   </correctResponse>
 </responseDeclaration>
 <itemBody>
   <choiceInteraction>
      <prompt>Результат скрипта _lt;?php if(null==0)echo _quot;true_quot;;else echo _quot;false_quot;;?_gt;… </prompt>
      <simpleChoice identifier='ChoiceA'>True</simpleChoice>
      <simpleChoice identifier='ChoiceB'>False</simpleChoice>
      <simpleChoice identifier='ChoiceC'>NaNe</simpleChoice>
      <simpleChoice identifier='ChoiceD'>Ошибка, поскольку nullнет в php</simpleChoice>
      <simpleChoice identifier='ChoiceE'>Ошибка, поскольку nullнельзя сравнивать с 0</simpleChoice>
   </choiceInteraction>
 </itemBody>
</assessmentItem>
Задание 624.Л.Н. undefined
<assessmentItem number='624' >
 <responseDeclaration identifier='RESPONSE' cardinality='multiple'>
   <correctResponse>
      <value>ChoiceB</value>
      <value>ChoiceC</value>
   </correctResponse>
 </responseDeclaration>
 <itemBody>
   <choiceInteraction>
      <prompt>Псеводтипы в PHP: </prompt>
      <simpleChoice identifier='ChoiceA'>mixed</simpleChoice>
      <simpleChoice identifier='ChoiceB'>number</simpleChoice>
      <simpleChoice identifier='ChoiceC'>callback</simpleChoice>
      <simpleChoice identifier='ChoiceD'>undefined</simpleChoice>
      <simpleChoice identifier='ChoiceE'>infinity</simpleChoice>
   </choiceInteraction>
 </itemBody>
</assessmentItem>
Задание 625.Л.Н. undefined
<assessmentItem number='625' >
 <responseDeclaration identifier='RESPONSE' cardinality='multiple'>
   <correctResponse>
      <value>ChoiceD</value>
      <value>ChoiceE</value>
   </correctResponse>
 </responseDeclaration>
 <itemBody>
   <choiceInteraction>
      <prompt>Функции вхождения подстроки в PHP… </prompt>
      <simpleChoice identifier='ChoiceA'>substr()</simpleChoice>
      <simpleChoice identifier='ChoiceB'>str_repeat()</simpleChoice>
      <simpleChoice identifier='ChoiceC'>strtok()</simpleChoice>
      <simpleChoice identifier='ChoiceD'>strpos()</simpleChoice>
      <simpleChoice identifier='ChoiceE'>stripos()</simpleChoice>
   </choiceInteraction>
 </itemBody>
</assessmentItem>
Задание 626.Л.Н. undefined
<assessmentItem number='626' >
 <responseDeclaration identifier='RESPONSE' cardinality='single'>
   <correctResponse>
      <value>ChoiceD</value>
   </correctResponse>
 </responseDeclaration>
 <itemBody>
   <choiceInteraction>
      <prompt>Верное утверждение относительно интерфейсов в PHP… </prompt>
      <simpleChoice identifier='ChoiceA'>Класс может реализовывать несколько интерфейсов</simpleChoice>
      <simpleChoice identifier='ChoiceB'>Абстрактный класс может реализовывать несколько интерфейсов</simpleChoice>
      <simpleChoice identifier='ChoiceC'>Интерфейс может расширять несколько интерфейсов</simpleChoice>
      <simpleChoice identifier='ChoiceD'>Одноименные методы могут существовать в нескольких интерфейсах   Визуально- самый длинный</simpleChoice>
      <simpleChoice identifier='ChoiceE'>Класс может реализовывать строго один интерфейс</simpleChoice>
   </choiceInteraction>
 </itemBody>
</assessmentItem>
Задание 627.Л.Н. undefined
<assessmentItem number='627' >
 <responseDeclaration identifier='RESPONSE' cardinality='single'>
   <correctResponse>
      <value>ChoiceD</value>
   </correctResponse>
 </responseDeclaration>
 <itemBody>
   <choiceInteraction>
      <prompt>Результат скрипта _lt;?php $x=5;echo _quot;Переменная $x=5_quot;;?_gt;… </prompt>
      <simpleChoice identifier='ChoiceA'>Переменная x=5</simpleChoice>
      <simpleChoice identifier='ChoiceB'>Переменная $x=5</simpleChoice>
      <simpleChoice identifier='ChoiceC'>Ошибка поскольку строки с переменными должны быть всегда в одинарных кавычках</simpleChoice>
      <simpleChoice identifier='ChoiceD'>Переменная 5=5</simpleChoice>
      <simpleChoice identifier='ChoiceE'>Переменная =5</simpleChoice>
   </choiceInteraction>
 </itemBody>
</assessmentItem>
Задание 628.Л.Н. undefined
<assessmentItem number='628' >
 <responseDeclaration identifier='RESPONSE' cardinality='single'>
   <correctResponse>
      <value>ChoiceD</value>
   </correctResponse>
 </responseDeclaration>
 <itemBody>
   <choiceInteraction>
      <prompt>Вывод всех элементов массива $arr… </prompt>
      <simpleChoice identifier='ChoiceA'>print $arr</simpleChoice>
      <simpleChoice identifier='ChoiceB'>echo $arr</simpleChoice>
      <simpleChoice identifier='ChoiceC'>Это возможно сделать только через цикл</simpleChoice>
      <simpleChoice identifier='ChoiceD'>print_r($arr)</simpleChoice>
      <simpleChoice identifier='ChoiceE'>printr($arr)</simpleChoice>
   </choiceInteraction>
 </itemBody>
</assessmentItem>
Задание 629.Л.Н. undefined
<assessmentItem number='629' >
 <responseDeclaration identifier='RESPONSE' cardinality='single'>
   <correctResponse>
      <value>ChoiceA</value>
   </correctResponse>
 </responseDeclaration>
 <itemBody>
   <choiceInteraction>
      <prompt>Вывод кода _lt;?php echo _quot;1_quot; + _quot;2_quot;;?_gt;… </prompt>
      <simpleChoice identifier='ChoiceA'>3</simpleChoice>
      <simpleChoice identifier='ChoiceB'>12</simpleChoice>
      <simpleChoice identifier='ChoiceC'>32</simpleChoice>
      <simpleChoice identifier='ChoiceD'>Выдаст ошибку</simpleChoice>
      <simpleChoice identifier='ChoiceE'>-3</simpleChoice>
   </choiceInteraction>
 </itemBody>
</assessmentItem>
Задание 630.Л.Н. undefined
<assessmentItem number='630' >
 <responseDeclaration identifier='RESPONSE' cardinality='single'>
   <correctResponse>
      <value>ChoiceC</value>
   </correctResponse>
 </responseDeclaration>
 <itemBody>
   <choiceInteraction>
      <prompt>Отсутствующий оператор в PHP… </prompt>
      <simpleChoice identifier='ChoiceA'>_gt;=</simpleChoice>
      <simpleChoice identifier='ChoiceB'>!==</simpleChoice>
      <simpleChoice identifier='ChoiceC'>!===</simpleChoice>
      <simpleChoice identifier='ChoiceD'>+=</simpleChoice>
      <simpleChoice identifier='ChoiceE'>++</simpleChoice>
   </choiceInteraction>
 </itemBody>
</assessmentItem>
Задание 631.Л.Н. undefined
<assessmentItem number='631' >
 <responseDeclaration identifier='RESPONSE' cardinality='single'>
   <correctResponse>
      <value>ChoiceB</value>
   </correctResponse>
 </responseDeclaration>
 <itemBody>
   <choiceInteraction>
      <prompt>Отсутствующий тип данных в PHP… </prompt>
      <simpleChoice identifier='ChoiceA'>Объект</simpleChoice>
      <simpleChoice identifier='ChoiceB'>Указатель</simpleChoice>
      <simpleChoice identifier='ChoiceC'>Resource</simpleChoice>
      <simpleChoice identifier='ChoiceD'>null</simpleChoice>
      <simpleChoice identifier='ChoiceE'>NaN</simpleChoice>
   </choiceInteraction>
 </itemBody>
</assessmentItem>
Задание 632.Л.Н. undefined
<assessmentItem number='632' >
 <responseDeclaration identifier='RESPONSE' cardinality='single'>
   <correctResponse>
      <value>ChoiceC</value>
   </correctResponse>
 </responseDeclaration>
 <itemBody>
   <choiceInteraction>
      <prompt>Место выполнения скриптов PHP… </prompt>
      <simpleChoice identifier='ChoiceA'>На клиенте</simpleChoice>
      <simpleChoice identifier='ChoiceB'>В окне браузера</simpleChoice>
      <simpleChoice identifier='ChoiceC'>На сервере</simpleChoice>
      <simpleChoice identifier='ChoiceD'>Внутри операционной системы</simpleChoice>
      <simpleChoice identifier='ChoiceE'>На клиенте и на сервере</simpleChoice>
   </choiceInteraction>
 </itemBody>
</assessmentItem>
Задание 633.Л.Н. undefined
<assessmentItem number='633' >
 <responseDeclaration identifier='RESPONSE' cardinality='multiple'>
   <correctResponse>
      <value>ChoiceC</value>
      <value>ChoiceD</value>
   </correctResponse>
 </responseDeclaration>
 <itemBody>
   <choiceInteraction>
      <prompt>Теги, которые используются для оформления PHP-кода: </prompt>
      <simpleChoice identifier='ChoiceA'>_lt;! !_gt;</simpleChoice>
      <simpleChoice identifier='ChoiceB'>_lt;% %_gt;</simpleChoice>
      <simpleChoice identifier='ChoiceC'>_lt;?php ?_gt;</simpleChoice>
      <simpleChoice identifier='ChoiceD'>_lt;? ?_gt;</simpleChoice>
      <simpleChoice identifier='ChoiceE'>_lt;= =_gt;</simpleChoice>
   </choiceInteraction>
 </itemBody>
</assessmentItem>
Задание 634.Л.Н. undefined
<assessmentItem number='634' >
 <responseDeclaration identifier='RESPONSE' cardinality='multiple'>
   <correctResponse>
      <value>ChoiceA</value>
      <value>ChoiceB</value>
   </correctResponse>
 </responseDeclaration>
 <itemBody>
   <choiceInteraction>
      <prompt>Комментарии в PHP: </prompt>
      <simpleChoice identifier='ChoiceA'>//  до конца строки</simpleChoice>
      <simpleChoice identifier='ChoiceB'>/* ... */</simpleChoice>
      <simpleChoice identifier='ChoiceC'>(* ... *)</simpleChoice>
      <simpleChoice identifier='ChoiceD'>## до конца строки</simpleChoice>
      <simpleChoice identifier='ChoiceE'>_lt;#  ...  #_gt;</simpleChoice>
      <simpleChoice identifier='ChoiceF'>-- до конца строки</simpleChoice>
   </choiceInteraction>
 </itemBody>
</assessmentItem>
Задание 635.Л.Н. undefined
<assessmentItem number='635' >
 <responseDeclaration identifier='RESPONSE' cardinality='multiple'>
   <correctResponse>
      <value>ChoiceA</value>
      <value>ChoiceB</value>
   </correctResponse>
 </responseDeclaration>
 <itemBody>
   <choiceInteraction>
      <prompt>Операторы цикла в PHP для просмотра ассоциативного массива $a: </prompt>
      <simpleChoice identifier='ChoiceA'>foreach ($a as $col=_gt;$val ) { ... }</simpleChoice>
      <simpleChoice identifier='ChoiceB'>foreach ($a as $x=_gt;$y ) { ... }</simpleChoice>
      <simpleChoice identifier='ChoiceC'>for ($a as $col=_gt;$val ) { ... }</simpleChoice>
      <simpleChoice identifier='ChoiceD'>while ($a as $col=_gt;$val ) { ... }</simpleChoice>
      <simpleChoice identifier='ChoiceE'>foreach ($a is $col=_gt;$val ) { ... }</simpleChoice>
   </choiceInteraction>
 </itemBody>
</assessmentItem>
Задание 636.Л.Н. undefined
<assessmentItem number='636' >
 <responseDeclaration identifier='RESPONSE' cardinality='single'>
   <correctResponse>
      <value>ChoiceA</value>
   </correctResponse>
 </responseDeclaration>
 <itemBody>
   <choiceInteraction>
      <prompt>Ключевое слово в PHP для подключения файла… </prompt>
      <simpleChoice identifier='ChoiceA'>include имя_файла</simpleChoice>
      <simpleChoice identifier='ChoiceB'>import имя_файла</simpleChoice>
      <simpleChoice identifier='ChoiceC'>uses имя_файла</simpleChoice>
      <simpleChoice identifier='ChoiceD'>exclude имя_файла</simpleChoice>
      <simpleChoice identifier='ChoiceE'>includes имя_файла</simpleChoice>
   </choiceInteraction>
 </itemBody>
</assessmentItem>
Задание 637.Л.Н. undefined
<assessmentItem number='637' >
 <responseDeclaration identifier='RESPONSE' cardinality='multiple'>
   <correctResponse>
      <value>ChoiceA</value>
      <value>ChoiceB</value>
   </correctResponse>
 </responseDeclaration>
 <itemBody>
   <choiceInteraction>
      <prompt>Операторы в PHP для вывода данных: </prompt>
      <simpleChoice identifier='ChoiceA'>echo</simpleChoice>
      <simpleChoice identifier='ChoiceB'>print</simpleChoice>
      <simpleChoice identifier='ChoiceC'>write</simpleChoice>
      <simpleChoice identifier='ChoiceD'>out</simpleChoice>
      <simpleChoice identifier='ChoiceE'>Print</simpleChoice>
   </choiceInteraction>
 </itemBody>
</assessmentItem>
Задание 638.Л.Н. undefined
<assessmentItem number='638' >
 <responseDeclaration identifier='RESPONSE' cardinality='single'>
   <correctResponse>
      <value>ChoiceA</value>
   </correctResponse>
 </responseDeclaration>
 <itemBody>
   <choiceInteraction>
      <prompt>Оператор в PHP для удаления файла… </prompt>
      <simpleChoice identifier='ChoiceA'>unlink</simpleChoice>
      <simpleChoice identifier='ChoiceB'>delete</simpleChoice>
      <simpleChoice identifier='ChoiceC'>delFile</simpleChoice>
      <simpleChoice identifier='ChoiceD'>FileDelete</simpleChoice>
      <simpleChoice identifier='ChoiceE'>DeleteFile</simpleChoice>
   </choiceInteraction>
 </itemBody>
</assessmentItem>
Задание 639.Л.Н. undefined
<assessmentItem number='639' >
 <responseDeclaration identifier='RESPONSE' cardinality='single'>
   <correctResponse>
      <value>ChoiceB</value>
   </correctResponse>
 </responseDeclaration>
 <itemBody>
   <choiceInteraction>
      <prompt>Присвоение переменной а значения 100 в PHP записывается как… </prompt>
      <simpleChoice identifier='ChoiceA'>a=100</simpleChoice>
      <simpleChoice identifier='ChoiceB'>$a=100</simpleChoice>
      <simpleChoice identifier='ChoiceC'>$a==100</simpleChoice>
      <simpleChoice identifier='ChoiceD'>@a=100</simpleChoice>
      <simpleChoice identifier='ChoiceE'>%a=100</simpleChoice>
   </choiceInteraction>
 </itemBody>
</assessmentItem>
Задание 640.Л.Н. undefined
<assessmentItem number='640' >
 <responseDeclaration identifier='RESPONSE' cardinality='single'>
   <correctResponse>
      <value>ChoiceC</value>
   </correctResponse>
 </responseDeclaration>
 <itemBody>
   <choiceInteraction>
      <prompt>Результат выполнения PHP кода _lt;?php $a=11; $b=22; $c=33; echo $b=$a=$c ?_gt;… </prompt>
      <simpleChoice identifier='ChoiceA'>Parse error</simpleChoice>
      <simpleChoice identifier='ChoiceB'>22=11=33</simpleChoice>
      <simpleChoice identifier='ChoiceC'>33</simpleChoice>
      <simpleChoice identifier='ChoiceD'>22</simpleChoice>
      <simpleChoice identifier='ChoiceE'>11</simpleChoice>
   </choiceInteraction>
 </itemBody>
</assessmentItem>
Задание 641.Л.Н. undefined
<assessmentItem number='641' >
 <responseDeclaration identifier='RESPONSE' cardinality='single'>
   <correctResponse>
      <value>ChoiceA</value>
   </correctResponse>
 </responseDeclaration>
 <itemBody>
   <choiceInteraction>
      <prompt>Различия между PHP функциями echo и print… </prompt>
      <simpleChoice identifier='ChoiceA'>print используется как часть выражения, а echo нет</simpleChoice>
      <simpleChoice identifier='ChoiceB'>echo используется как часть выражения, а print нет</simpleChoice>
      <simpleChoice identifier='ChoiceC'>echo всегда возвращает единицу, поэтому может использоваться как часть выражения</simpleChoice>
      <simpleChoice identifier='ChoiceD'>echo и print не отличаются по использованию          Визуально выделяется</simpleChoice>
      <simpleChoice identifier='ChoiceE'>echo всегда возвращает ноль, поэтому может использоваться как часть выражения</simpleChoice>
   </choiceInteraction>
 </itemBody>
</assessmentItem>
Задание 642.Л.Н. undefined
<assessmentItem number='642' >
 <responseDeclaration identifier='RESPONSE' cardinality='single'>
   <correctResponse>
      <value>ChoiceA</value>
   </correctResponse>
 </responseDeclaration>
 <itemBody>
   <choiceInteraction>
      <prompt>Знак для обозначения переменных в PHP… </prompt>
      <simpleChoice identifier='ChoiceA'>$</simpleChoice>
      <simpleChoice identifier='ChoiceB'>#</simpleChoice>
      <simpleChoice identifier='ChoiceC'>%</simpleChoice>
      <simpleChoice identifier='ChoiceD'>@</simpleChoice>
      <simpleChoice identifier='ChoiceE'>%</simpleChoice>
   </choiceInteraction>
 </itemBody>
</assessmentItem>
Задание 643.Л.Н. undefined
<assessmentItem number='643' >
 <responseDeclaration identifier='RESPONSE' cardinality='multiple'>
   <correctResponse>
      <value>ChoiceA</value>
      <value>ChoiceB</value>
      <value>ChoiceC</value>
      <value>ChoiceD</value>
   </correctResponse>
 </responseDeclaration>
 <itemBody>
   <choiceInteraction>
      <prompt>Типы данных, поддерживаемые в PHP : </prompt>
      <simpleChoice identifier='ChoiceA'>boolean</simpleChoice>
      <simpleChoice identifier='ChoiceB'>object</simpleChoice>
      <simpleChoice identifier='ChoiceC'>mixed</simpleChoice>
      <simpleChoice identifier='ChoiceD'>null</simpleChoice>
      <simpleChoice identifier='ChoiceE'>global</simpleChoice>
   </choiceInteraction>
 </itemBody>
</assessmentItem>
Задание 644.Л.Н. undefined
<assessmentItem number='644' >
 <responseDeclaration identifier='RESPONSE' cardinality='single'>
   <correctResponse>
      <value>ChoiceC</value>
   </correctResponse>
 </responseDeclaration>
 <itemBody>
   <choiceInteraction>
      <prompt>PHP-функция для проверки типа выражения или переменной… </prompt>
      <simpleChoice identifier='ChoiceA'>var_dump()</simpleChoice>
      <simpleChoice identifier='ChoiceB'>gettype()</simpleChoice>
      <simpleChoice identifier='ChoiceC'>gettype()</simpleChoice>
      <simpleChoice identifier='ChoiceD'>get_type()</simpleChoice>
      <simpleChoice identifier='ChoiceE'>vardump()</simpleChoice>
   </choiceInteraction>
 </itemBody>
</assessmentItem>
Задание 645.Л.Н. undefined
<assessmentItem number='645' >
 <responseDeclaration identifier='RESPONSE' cardinality='multiple'>
   <correctResponse>
      <value>ChoiceB</value>
      <value>ChoiceC</value>
   </correctResponse>
 </responseDeclaration>
 <itemBody>
   <choiceInteraction>
      <prompt>Функции PHP, выводящие строку: </prompt>
      <simpleChoice identifier='ChoiceA'>WriteLine</simpleChoice>
      <simpleChoice identifier='ChoiceB'>print</simpleChoice>
      <simpleChoice identifier='ChoiceC'>echo</simpleChoice>
      <simpleChoice identifier='ChoiceD'>write</simpleChoice>
      <simpleChoice identifier='ChoiceE'>WriteStr</simpleChoice>
   </choiceInteraction>
 </itemBody>
</assessmentItem>
Задание 646.Л.Н. undefined
<assessmentItem number='646' >
 <responseDeclaration identifier='RESPONSE' cardinality='multiple'>
   <correctResponse>
      <value>ChoiceA</value>
      <value>ChoiceB</value>
   </correctResponse>
 </responseDeclaration>
 <itemBody>
   <choiceInteraction>
      <prompt>Функции PHP, разбивающие строку на подстроки: </prompt>
      <simpleChoice identifier='ChoiceA'>explode</simpleChoice>
      <simpleChoice identifier='ChoiceB'>strtok</simpleChoice>
      <simpleChoice identifier='ChoiceC'>implode</simpleChoice>
      <simpleChoice identifier='ChoiceD'>split</simpleChoice>
      <simpleChoice identifier='ChoiceE'>string_split</simpleChoice>
   </choiceInteraction>
 </itemBody>
</assessmentItem>
Задание 647.Л.Н. undefined
<assessmentItem number='647' >
 <responseDeclaration identifier='RESPONSE' cardinality='single'>
   <correctResponse>
      <value>ChoiceD</value>
   </correctResponse>
 </responseDeclaration>
 <itemBody>
   <choiceInteraction>
      <prompt>Функция PHP, возвращающая длину строки… </prompt>
      <simpleChoice identifier='ChoiceA'>length</simpleChoice>
      <simpleChoice identifier='ChoiceB'>strlength</simpleChoice>
      <simpleChoice identifier='ChoiceC'>strchar</simpleChoice>
      <simpleChoice identifier='ChoiceD'>strlen</simpleChoice>
      <simpleChoice identifier='ChoiceE'>Length</simpleChoice>
   </choiceInteraction>
 </itemBody>
</assessmentItem>
Задание 648.Л.Н. undefined
<assessmentItem number='648' >
 <responseDeclaration identifier='RESPONSE' cardinality='single'>
   <correctResponse>
      <value>ChoiceA</value>
   </correctResponse>
 </responseDeclaration>
 <itemBody>
   <choiceInteraction>
      <prompt>Функция PHP, преобразующая строку в массив… </prompt>
      <simpleChoice identifier='ChoiceA'>str_split</simpleChoice>
      <simpleChoice identifier='ChoiceB'>splitchar</simpleChoice>
      <simpleChoice identifier='ChoiceC'>split_array</simpleChoice>
      <simpleChoice identifier='ChoiceD'>str_array</simpleChoice>
      <simpleChoice identifier='ChoiceE'>strsplit</simpleChoice>
   </choiceInteraction>
 </itemBody>
</assessmentItem>
Задание 649.Л.Н. undefined
<assessmentItem number='649' >
 <responseDeclaration identifier='RESPONSE' cardinality='single'>
   <correctResponse>
      <value>ChoiceB</value>
   </correctResponse>
 </responseDeclaration>
 <itemBody>
   <choiceInteraction>
      <prompt>Функция PHP, преобразующая заданные символы строки… </prompt>
      <simpleChoice identifier='ChoiceA'>str_char</simpleChoice>
      <simpleChoice identifier='ChoiceB'>strtr</simpleChoice>
      <simpleChoice identifier='ChoiceC'>charrepl</simpleChoice>
      <simpleChoice identifier='ChoiceD'>charrep</simpleChoice>
      <simpleChoice identifier='ChoiceE'>strstr</simpleChoice>
   </choiceInteraction>
 </itemBody>
</assessmentItem>
Задание 650.Л.Н. undefined
<assessmentItem number='650' >
 <responseDeclaration identifier='RESPONSE' cardinality='single'>
   <correctResponse>
      <value>ChoiceD</value>
   </correctResponse>
 </responseDeclaration>
 <itemBody>
   <choiceInteraction>
      <prompt>Функция PHP, удаляющая пробелы из начала и конца строки… </prompt>
      <simpleChoice identifier='ChoiceA'>blank_trim</simpleChoice>
      <simpleChoice identifier='ChoiceB'>blank_del</simpleChoice>
      <simpleChoice identifier='ChoiceC'>str_trim</simpleChoice>
      <simpleChoice identifier='ChoiceD'>trim</simpleChoice>
      <simpleChoice identifier='ChoiceE'>trim_str</simpleChoice>
   </choiceInteraction>
 </itemBody>
</assessmentItem>
Задание 651.Л.Н. undefined
<assessmentItem number='651' >
 <responseDeclaration identifier='RESPONSE' cardinality='single'>
   <correctResponse>
      <value>ChoiceA</value>
   </correctResponse>
 </responseDeclaration>
 <itemBody>
   <choiceInteraction>
      <prompt>Функция PHP, находящая первое вхождение подстроки в строке… </prompt>
      <simpleChoice identifier='ChoiceA'>strpos()</simpleChoice>
      <simpleChoice identifier='ChoiceB'>strrchr()</simpleChoice>
      <simpleChoice identifier='ChoiceC'>strstr()</simpleChoice>
      <simpleChoice identifier='ChoiceD'>substr()</simpleChoice>
      <simpleChoice identifier='ChoiceE'>str_pos()</simpleChoice>
   </choiceInteraction>
 </itemBody>
</assessmentItem>
Задание 652.Л.Н. undefined
<assessmentItem number='652' >
 <responseDeclaration identifier='RESPONSE' cardinality='single'>
   <correctResponse>
      <value>ChoiceA</value>
   </correctResponse>
 </responseDeclaration>
 <itemBody>
   <choiceInteraction>
      <prompt>Функция PHP, удаляющая пробелы из конца строки… </prompt>
      <simpleChoice identifier='ChoiceA'>rtrim()</simpleChoice>
      <simpleChoice identifier='ChoiceB'>localeconv()</simpleChoice>
      <simpleChoice identifier='ChoiceC'>implode()</simpleChoice>
      <simpleChoice identifier='ChoiceD'>strcoll()</simpleChoice>
      <simpleChoice identifier='ChoiceE'>Rtrim()</simpleChoice>
   </choiceInteraction>
 </itemBody>
</assessmentItem>
Задание 653.Л.Н. undefined
<assessmentItem number='653' >
 <responseDeclaration identifier='RESPONSE' cardinality='single'>
   <correctResponse>
      <value>ChoiceD</value>
   </correctResponse>
 </responseDeclaration>
 <itemBody>
   <choiceInteraction>
      <prompt>Функция PHP number_format() – это функция, которая… </prompt>
      <simpleChoice identifier='ChoiceA'>Объединяет элементы массива в строку</simpleChoice>
      <simpleChoice identifier='ChoiceB'>Возвращает ключ metaphone для строки</simpleChoice>
      <simpleChoice identifier='ChoiceC'>Возвращает таблицу преобразований</simpleChoice>
      <simpleChoice identifier='ChoiceD'>Форматирует число с разделением групп</simpleChoice>
      <simpleChoice identifier='ChoiceE'>Форматирует группe чисел</simpleChoice>
   </choiceInteraction>
 </itemBody>
</assessmentItem>
Задание 654.Л.Н. undefined
<assessmentItem number='654' >
 <responseDeclaration identifier='RESPONSE' cardinality='single'>
   <correctResponse>
      <value>ChoiceC</value>
   </correctResponse>
 </responseDeclaration>
 <itemBody>
   <choiceInteraction>
      <prompt>Функция PHP для создания массива целых чисел из интервала, определяемого верхней и нижней границами… </prompt>
      <simpleChoice identifier='ChoiceA'>array()</simpleChoice>
      <simpleChoice identifier='ChoiceB'>list()</simpleChoice>
      <simpleChoice identifier='ChoiceC'>range()</simpleChoice>
      <simpleChoice identifier='ChoiceD'>count()</simpleChoice>
      <simpleChoice identifier='ChoiceE'>range_array()</simpleChoice>
   </choiceInteraction>
 </itemBody>
</assessmentItem>
Задание 655.Л.Н. undefined
<assessmentItem number='655' >
 <responseDeclaration identifier='RESPONSE' cardinality='single'>
   <correctResponse>
      <value>ChoiceA</value>
   </correctResponse>
 </responseDeclaration>
 <itemBody>
   <choiceInteraction>
      <prompt>Функция PHP, проверяющая, присутствует ли в массиве заданный элемент… </prompt>
      <simpleChoice identifier='ChoiceA'>in_array()</simpleChoice>
      <simpleChoice identifier='ChoiceB'>array_keys()</simpleChoice>
      <simpleChoice identifier='ChoiceC'>array_values()</simpleChoice>
      <simpleChoice identifier='ChoiceD'>array_filter()</simpleChoice>
      <simpleChoice identifier='ChoiceE'>inarray()</simpleChoice>
   </choiceInteraction>
 </itemBody>
</assessmentItem>
Задание 656.Л.Н. undefined
<assessmentItem number='656' >
 <responseDeclaration identifier='RESPONSE' cardinality='single'>
   <correctResponse>
      <value>ChoiceD</value>
   </correctResponse>
 </responseDeclaration>
 <itemBody>
   <choiceInteraction>
      <prompt>Функция PHP, удаляющая последний элемент из массива… </prompt>
      <simpleChoice identifier='ChoiceA'>array_push()</simpleChoice>
      <simpleChoice identifier='ChoiceB'>array_shift()</simpleChoice>
      <simpleChoice identifier='ChoiceC'>array_pad()</simpleChoice>
      <simpleChoice identifier='ChoiceD'>аrrау_рор()</simpleChoice>
      <simpleChoice identifier='ChoiceE'>аrrаурор()</simpleChoice>
   </choiceInteraction>
 </itemBody>
</assessmentItem>
Задание 657.Л.Н. undefined
<assessmentItem number='657' >
 <responseDeclaration identifier='RESPONSE' cardinality='single'>
   <correctResponse>
      <value>ChoiceC</value>
   </correctResponse>
 </responseDeclaration>
 <itemBody>
   <choiceInteraction>
      <prompt>Функция PHP, при каждом вызове которой выполняются две операции: возвращает пару «ключ/значение», на которую ссылается указатель текущей позиции, и перемещает указатель к следующему элементу… </prompt>
      <simpleChoice identifier='ChoiceA'>reset()</simpleChoice>
      <simpleChoice identifier='ChoiceB'>end()</simpleChoice>
      <simpleChoice identifier='ChoiceC'>each()</simpleChoice>
      <simpleChoice identifier='ChoiceD'>next()</simpleChoice>
      <simpleChoice identifier='ChoiceE'>foreach()</simpleChoice>
   </choiceInteraction>
 </itemBody>
</assessmentItem>
Задание 658.Л.Н. undefined
<assessmentItem number='658' >
 <responseDeclaration identifier='RESPONSE' cardinality='single'>
   <correctResponse>
      <value>ChoiceA</value>
   </correctResponse>
 </responseDeclaration>
 <itemBody>
   <choiceInteraction>
      <prompt>Функция PHP usort() дает возможность отсортировать массив… </prompt>
      <simpleChoice identifier='ChoiceA'>на основании критерия, определяемого программистом</simpleChoice>
      <simpleChoice identifier='ChoiceB'>по пользовательскому критерию с сохранением ассоциаций «ключ/значение»</simpleChoice>
      <simpleChoice identifier='ChoiceC'>по ключам</simpleChoice>
      <simpleChoice identifier='ChoiceD'>по возрастанию</simpleChoice>
      <simpleChoice identifier='ChoiceE'>на основании системного критерия</simpleChoice>
   </choiceInteraction>
 </itemBody>
</assessmentItem>
Задание 659.Л.Н. undefined
<assessmentItem number='659' >
 <responseDeclaration identifier='RESPONSE' cardinality='multiple'>
   <correctResponse>
      <value>ChoiceA</value>
      <value>ChoiceE</value>
   </correctResponse>
 </responseDeclaration>
 <itemBody>
   <choiceInteraction>
      <prompt>Функция PHP count()… </prompt>
      <simpleChoice identifier='ChoiceA'>возвращает количество элементов в массиве</simpleChoice>
      <simpleChoice identifier='ChoiceB'>одновременное присваивание значений, извлеченных из массива, сразу нескольким переменным</simpleChoice>
      <simpleChoice identifier='ChoiceC'>возвращает массив, состоящий из всех значений исходного массива, переданного в качестве параметра</simpleChoice>
      <simpleChoice identifier='ChoiceD'>перемещает указатель к позиции последнего элемента массива</simpleChoice>
      <simpleChoice identifier='ChoiceE'>возвращает количество нулевых элементов в массиве</simpleChoice>
   </choiceInteraction>
 </itemBody>
</assessmentItem>
Задание 660.Л.Н. undefined
<assessmentItem number='660' >
 <responseDeclaration identifier='RESPONSE' cardinality='single'>
   <correctResponse>
      <value>ChoiceC</value>
   </correctResponse>
 </responseDeclaration>
 <itemBody>
   <choiceInteraction>
      <prompt>Функция PHP, извлекающая последний элемент массива… </prompt>
      <simpleChoice identifier='ChoiceA'>array_pad</simpleChoice>
      <simpleChoice identifier='ChoiceB'>array_product</simpleChoice>
      <simpleChoice identifier='ChoiceC'>array_pop</simpleChoice>
      <simpleChoice identifier='ChoiceD'>array_push</simpleChoice>
      <simpleChoice identifier='ChoiceE'>arraypop</simpleChoice>
   </choiceInteraction>
 </itemBody>
</assessmentItem>
Задание 661.Л.Н. undefined
<assessmentItem number='661' >
 <responseDeclaration identifier='RESPONSE' cardinality='single'>
   <correctResponse>
      <value>ChoiceA</value>
   </correctResponse>
 </responseDeclaration>
 <itemBody>
   <choiceInteraction>
      <prompt>Функция PHP, извлекающая первый элемент массива… </prompt>
      <simpleChoice identifier='ChoiceA'>array_shift</simpleChoice>
      <simpleChoice identifier='ChoiceB'>array_slice</simpleChoice>
      <simpleChoice identifier='ChoiceC'>array_replace</simpleChoice>
      <simpleChoice identifier='ChoiceD'>array_reverse</simpleChoice>
      <simpleChoice identifier='ChoiceE'>arrayshift</simpleChoice>
   </choiceInteraction>
 </itemBody>
</assessmentItem>
Задание 662.Л.Н. undefined
<assessmentItem number='662' >
 <responseDeclaration identifier='RESPONSE' cardinality='single'>
   <correctResponse>
      <value>ChoiceD</value>
   </correctResponse>
 </responseDeclaration>
 <itemBody>
   <choiceInteraction>
      <prompt>Функция PHP, вычисляющая сумму значений массива… </prompt>
      <simpleChoice identifier='ChoiceA'>array_intersect_assoc</simpleChoice>
      <simpleChoice identifier='ChoiceB'>array_product</simpleChoice>
      <simpleChoice identifier='ChoiceC'>array_slice</simpleChoice>
      <simpleChoice identifier='ChoiceD'>array_sum</simpleChoice>
      <simpleChoice identifier='ChoiceE'>sum_array</simpleChoice>
   </choiceInteraction>
 </itemBody>
</assessmentItem>
Задание 663.Л.Н. undefined
<assessmentItem number='663' >
 <responseDeclaration identifier='RESPONSE' cardinality='single'>
   <correctResponse>
      <value>ChoiceB</value>
   </correctResponse>
 </responseDeclaration>
 <itemBody>
   <choiceInteraction>
      <prompt>Функция PHP, используемая для выборки всех значений массива… </prompt>
      <simpleChoice identifier='ChoiceA'>array_walk</simpleChoice>
      <simpleChoice identifier='ChoiceB'>array_values</simpleChoice>
      <simpleChoice identifier='ChoiceC'>array_udiff</simpleChoice>
      <simpleChoice identifier='ChoiceD'>array_unshift</simpleChoice>
      <simpleChoice identifier='ChoiceE'>arrayvalues</simpleChoice>
   </choiceInteraction>
 </itemBody>
</assessmentItem>
Задание 664.Л.Н. undefined
<assessmentItem number='664' >
 <responseDeclaration identifier='RESPONSE' cardinality='single'>
   <correctResponse>
      <value>ChoiceA</value>
   </correctResponse>
 </responseDeclaration>
 <itemBody>
   <choiceInteraction>
      <prompt>Функция PHP, сортирующая массив по ключам в обратном порядке… </prompt>
      <simpleChoice identifier='ChoiceA'>krsort</simpleChoice>
      <simpleChoice identifier='ChoiceB'>ksort</simpleChoice>
      <simpleChoice identifier='ChoiceC'>key_exists</simpleChoice>
      <simpleChoice identifier='ChoiceD'>extract</simpleChoice>
      <simpleChoice identifier='ChoiceE'>key_rsort</simpleChoice>
   </choiceInteraction>
 </itemBody>
</assessmentItem>
Задание 665.Л.Н. undefined
<assessmentItem number='665' >
 <responseDeclaration identifier='RESPONSE' cardinality='single'>
   <correctResponse>
      <value>ChoiceC</value>
   </correctResponse>
 </responseDeclaration>
 <itemBody>
   <choiceInteraction>
      <prompt>Функция PHP, которая является псевдонимом count… </prompt>
      <simpleChoice identifier='ChoiceA'>sort</simpleChoice>
      <simpleChoice identifier='ChoiceB'>ksort</simpleChoice>
      <simpleChoice identifier='ChoiceC'>sizeof</simpleChoice>
      <simpleChoice identifier='ChoiceD'>array_slice</simpleChoice>
      <simpleChoice identifier='ChoiceE'>size_of</simpleChoice>
   </choiceInteraction>
 </itemBody>
</assessmentItem>
Задание 666.Л.Н. undefined
<assessmentItem number='666' >
 <responseDeclaration identifier='RESPONSE' cardinality='single'>
   <correctResponse>
      <value>ChoiceD</value>
   </correctResponse>
 </responseDeclaration>
 <itemBody>
   <choiceInteraction>
      <prompt>Функция PHP, сортирующая массив, используя пользовательскую функцию для сравнения элементов с сохранением ключей… </prompt>
      <simpleChoice identifier='ChoiceA'>sort</simpleChoice>
      <simpleChoice identifier='ChoiceB'>usort</simpleChoice>
      <simpleChoice identifier='ChoiceC'>uksort</simpleChoice>
      <simpleChoice identifier='ChoiceD'>uasort</simpleChoice>
      <simpleChoice identifier='ChoiceE'>asort</simpleChoice>
   </choiceInteraction>
 </itemBody>
</assessmentItem>
Задание 667.Л.Н. undefined
<assessmentItem number='667' >
 <responseDeclaration identifier='RESPONSE' cardinality='single'>
   <correctResponse>
      <value>ChoiceB</value>
   </correctResponse>
 </responseDeclaration>
 <itemBody>
   <choiceInteraction>
      <prompt>Функция PHP, сортирующая массив по значениям используя пользовательскую функцию для сравнения элементов… </prompt>
      <simpleChoice identifier='ChoiceA'>sort</simpleChoice>
      <simpleChoice identifier='ChoiceB'>usort</simpleChoice>
      <simpleChoice identifier='ChoiceC'>uksort</simpleChoice>
      <simpleChoice identifier='ChoiceD'>uasort</simpleChoice>
      <simpleChoice identifier='ChoiceE'>fusort</simpleChoice>
   </choiceInteraction>
 </itemBody>
</assessmentItem>
Задание 668.Л.Н. undefined
<assessmentItem number='668' >
 <responseDeclaration identifier='RESPONSE' cardinality='multiple'>
   <correctResponse>
      <value>ChoiceA</value>
      <value>ChoiceC</value>
      <value>ChoiceD</value>
   </correctResponse>
 </responseDeclaration>
 <itemBody>
   <choiceInteraction>
      <prompt>Функции PHP для работы с датами и временем: </prompt>
      <simpleChoice identifier='ChoiceA'>checkdate</simpleChoice>
      <simpleChoice identifier='ChoiceB'>checktime</simpleChoice>
      <simpleChoice identifier='ChoiceC'>date_sunrise</simpleChoice>
      <simpleChoice identifier='ChoiceD'>date_sunset</simpleChoice>
      <simpleChoice identifier='ChoiceE'>check_time</simpleChoice>
   </choiceInteraction>
 </itemBody>
</assessmentItem>
Задание 669.Л.Н. undefined
<assessmentItem number='669' >
 <responseDeclaration identifier='RESPONSE' cardinality='multiple'>
   <correctResponse>
      <value>ChoiceA</value>
      <value>ChoiceB</value>
      <value>ChoiceC</value>
      <value>ChoiceD</value>
   </correctResponse>
 </responseDeclaration>
 <itemBody>
   <choiceInteraction>
      <prompt>Функции PHP для созданиям массива: </prompt>
      <simpleChoice identifier='ChoiceA'>array()</simpleChoice>
      <simpleChoice identifier='ChoiceB'>list()</simpleChoice>
      <simpleChoice identifier='ChoiceC'>range()</simpleChoice>
      <simpleChoice identifier='ChoiceD'>array_chunk()</simpleChoice>
      <simpleChoice identifier='ChoiceE'>array_create()</simpleChoice>
   </choiceInteraction>
 </itemBody>
</assessmentItem>
Задание 670.Л.Н. undefined
<assessmentItem number='670' >
 <responseDeclaration identifier='RESPONSE' cardinality='single'>
   <correctResponse>
      <value>ChoiceB</value>
   </correctResponse>
 </responseDeclaration>
 <itemBody>
   <choiceInteraction>
      <prompt>Функция PHP getdate([int timestamp]) возвращает… </prompt>
      <simpleChoice identifier='ChoiceA'>строку, содуржащую информацию о дате</simpleChoice>
      <simpleChoice identifier='ChoiceB'>ассоциативный массив, содержащий информацию о дате</simpleChoice>
      <simpleChoice identifier='ChoiceC'>объект типа date, содержащий информацию о дате</simpleChoice>
      <simpleChoice identifier='ChoiceD'>объекта типа object, содержащий информацию о дате</simpleChoice>
      <simpleChoice identifier='ChoiceE'>ассоциативный массив, содержащий информацию о времени</simpleChoice>
   </choiceInteraction>
 </itemBody>
</assessmentItem>
Задание 671.Л.Н. undefined
<assessmentItem number='671' >
 <responseDeclaration identifier='RESPONSE' cardinality='single'>
   <correctResponse>
      <value>ChoiceC</value>
   </correctResponse>
 </responseDeclaration>
 <itemBody>
   <choiceInteraction>
      <prompt>Функция PHP echo date(_quot;M-d-Y_quot;, mktime(0, 0, 0, 12, 32, 1997)) вернет… </prompt>
      <simpleChoice identifier='ChoiceA'>_quot;Dec-32-1997_quot;</simpleChoice>
      <simpleChoice identifier='ChoiceB'>_quot;Dec-31-1997_quot;</simpleChoice>
      <simpleChoice identifier='ChoiceC'>_quot;Jan-01-1998_quot;</simpleChoice>
      <simpleChoice identifier='ChoiceD'>Код с ошибкой</simpleChoice>
      <simpleChoice identifier='ChoiceE'>_quot;Dec-12-1997_quot;</simpleChoice>
   </choiceInteraction>
 </itemBody>
</assessmentItem>
Задание 672.Л.Н. undefined
<assessmentItem number='672' >
 <responseDeclaration identifier='RESPONSE' cardinality='single'>
   <correctResponse>
      <value>ChoiceB</value>
   </correctResponse>
 </responseDeclaration>
 <itemBody>
   <choiceInteraction>
      <prompt>Функция PHP echo date(_quot;M-d-Y_quot;, mktime(0, 0, 0, 3, 0, 2000)) вернет… </prompt>
      <simpleChoice identifier='ChoiceA'>_quot;Mar-00-2000_quot;</simpleChoice>
      <simpleChoice identifier='ChoiceB'>_quot;Feb-29-2000_quot;</simpleChoice>
      <simpleChoice identifier='ChoiceC'>_quot;Mar-01-2000_quot;</simpleChoice>
      <simpleChoice identifier='ChoiceD'>Код с ошибкой</simpleChoice>
      <simpleChoice identifier='ChoiceE'>_quot;Mart-29-2000_quot;</simpleChoice>
   </choiceInteraction>
 </itemBody>
</assessmentItem>
Задание 673.Л.Н. undefined
<assessmentItem number='673' >
 <responseDeclaration identifier='RESPONSE' cardinality='single'>
   <correctResponse>
      <value>ChoiceA</value>
   </correctResponse>
 </responseDeclaration>
 <itemBody>
   <choiceInteraction>
      <prompt>PHP является… </prompt>
      <simpleChoice identifier='ChoiceA'>слабо типизированным языком</simpleChoice>
      <simpleChoice identifier='ChoiceB'>сильно типизированным языком</simpleChoice>
      <simpleChoice identifier='ChoiceC'>нетипизированным языком</simpleChoice>
      <simpleChoice identifier='ChoiceD'>языком с «утиной» типизацией</simpleChoice>
      <simpleChoice identifier='ChoiceE'>языком со строгой типизацией</simpleChoice>
   </choiceInteraction>
 </itemBody>
</assessmentItem>
Задание 674.Л.Н. undefined
<assessmentItem number='674' >
 <responseDeclaration identifier='RESPONSE' cardinality='single'>
   <correctResponse>
      <value>ChoiceA</value>
   </correctResponse>
 </responseDeclaration>
 <itemBody>
   <choiceInteraction>
      <prompt>Функция создания папки в PHP… </prompt>
      <simpleChoice identifier='ChoiceA'>mkdir()</simpleChoice>
      <simpleChoice identifier='ChoiceB'>makedir()</simpleChoice>
      <simpleChoice identifier='ChoiceC'>createdir()</simpleChoice>
      <simpleChoice identifier='ChoiceD'>set_dir()</simpleChoice>
   </choiceInteraction>
 </itemBody>
</assessmentItem>
</tests>